# Logfile created on 2016-08-01 13:37:01 -0400 by logger.rb/53141
I, [2016-08-01T13:37:01.893173 #15180]  INFO -- dt_file_processor: ****************** START ***********************
I, [2016-08-01T13:37:01.894174 #15180]  INFO -- dt_file_processor: Initializing LCRP INVENTORY filer for CA018-001
I, [2016-08-01T13:37:01.894174 #15180]  INFO -- dt_file_processor: CA018001_EDD filer Initialized
I, [2016-08-01T13:37:01.894174 #15180]  INFO -- dt_file_processor: Initializing BHPW INVENTORY filer for CA018-001
I, [2016-08-01T13:37:01.894174 #15180]  INFO -- dt_file_processor: CA018001_BMS filer Initialized
I, [2016-08-01T13:37:01.895214 #15180]  INFO -- dt_file_processor: Initializing BFLC INVENTORY filer for CA018-001
I, [2016-08-01T13:37:01.895214 #15180]  INFO -- dt_file_processor: CA018001_BMS filer Initialized
I, [2016-08-01T13:37:01.895214 #15180]  INFO -- dt_file_processor: Initializing QATL CLINVENTORY filer for CA018-001
I, [2016-08-01T13:37:01.895214 #15180]  INFO -- dt_file_processor: CA018001_QINV filer Initialized
I, [2016-08-01T13:37:01.895214 #15180]  INFO -- dt_file_processor: Number of transmissions available ... 4
I, [2016-08-01T13:37:01.896175 #15180]  INFO -- dt_file_processor: Production file processing start - LCRP INVENTORY file for protocol CA018-001
D, [2016-08-01T13:37:01.896175 #15180] DEBUG -- dt_file_processor: Directory is ->C:\SFTP_PROD\LCRP<-
D, [2016-08-01T13:37:01.896175 #15180] DEBUG -- dt_file_processor: Filemask is ->CA018-001-LCRP-INVENTORY*.csv<-
I, [2016-08-01T13:37:01.897176 #15180]  INFO -- dt_file_processor: Processing CA018-001-LCRP-INVENTORY-2016-07-29.csv in C:/SFTP_PROD/LCRP.
D, [2016-08-01T13:37:01.897176 #15180] DEBUG -- dt_file_processor: File name is ->CA018-001-LCRP-INVENTORY-2016-07-29.csv<-
I, [2016-08-01T13:37:01.897176 #15180]  INFO -- dt_file_processor: CA018001_EDD reader start
I, [2016-08-01T13:37:03.107039 #15180]  INFO -- dt_file_processor: CA018001_EDD reader end
I, [2016-08-01T13:37:03.107039 #15180]  INFO -- dt_file_processor: 6704 read in
I, [2016-08-01T13:37:03.107039 #15180]  INFO -- dt_file_processor: CA018001_EDD processor start
I, [2016-08-01T13:37:03.405455 #15180]  INFO -- dt_file_processor: CA018001_EDD processor end
I, [2016-08-01T13:37:03.405455 #15180]  INFO -- dt_file_processor: 27 to process
I, [2016-08-01T13:37:03.405455 #15180]  INFO -- dt_file_processor: CA018001_EDD writer start
I, [2016-08-01T13:37:03.405455 #15180]  INFO -- dt_file_processor: CA018001_EDD writer end
D, [2016-08-01T13:37:03.406457 #15180] DEBUG -- dt_file_processor: INSERT INTO dts_specimen_inventory_v1_0 (study_protocol_id,
                                                                   site_number,
                                                                   subject_num,
                                                                   subject_gender,
                                                                   subject_date_of_birth,
                                                                   specimen_collect_date,
                                                                   specimen_collect_time,
                                                                   received_datetime,
                                                                   visit_name,
                                                                   specimen_barcode,
                                                                   specimen_identifer,
                                                                   specimen_type,
                                                                   specimen_parent_id,
                                                                   specimen_ischild,
                                                                   specimen_condition,
                                                                   specimen_status,
                                                                   shipped_date,
                                                                   vendor_code
                                                                  )
            VALUES
 ('CA018-001',  '0001',  '00002',  'Male',  STR_TO_DATE('05-Dec-1941',  '%d-%b-%Y'),  STR_TO_DATE('01-Jun-2016 10:00:00',  '%d-%b-%Y'),  STR_TO_DATE('01-Jun-2016 10:00:00',  '%d-%b-%Y %T'),  STR_TO_DATE('06-Jun-2016 17:31:59',  '%d-%b-%Y %T'),  'SCR Fresh to LabCorp',  'AP017646A01',  NULL,  'Tissue',  NULL,  'N',  NULL,  'In Inventory',  NULL,  'LCRP' ),
 ('CA018-001',  '0001',  '00005',  'Male',  STR_TO_DATE('21-Dec-1958',  '%d-%b-%Y'),  STR_TO_DATE('07-Jun-2016 10:00:00',  '%d-%b-%Y'),  STR_TO_DATE('07-Jun-2016 10:00:00',  '%d-%b-%Y %T'),  STR_TO_DATE('15-Jun-2016 16:35:06',  '%d-%b-%Y %T'),  'SCR Fresh to LabCorp',  'AP017647A01',  NULL,  'Tissue',  NULL,  'N',  NULL,  'In Inventory',  NULL,  'LCRP' ),
 ('CA018-001',  '0002',  '00003',  'Female',  STR_TO_DATE('26-Dec-1952',  '%d-%b-%Y'),  STR_TO_DATE('08-Jun-2016 10:00:00',  '%d-%b-%Y'),  STR_TO_DATE('08-Jun-2016 10:00:00',  '%d-%b-%Y %T'),  STR_TO_DATE('14-Jun-2016 16:37:00',  '%d-%b-%Y %T'),  'SCR Fresh to LabCorp',  'AP025740A01',  NULL,  'Tissue',  NULL,  'N',  NULL,  'In Inventory',  NULL,  'LCRP' ),
 ('CA018-001',  '0001',  '00005',  'Male',  STR_TO_DATE('21-Dec-1958',  '%d-%b-%Y'),  STR_TO_DATE('14-Jun-2016 09:30:00',  '%d-%b-%Y'),  STR_TO_DATE('14-Jun-2016 09:30:00',  '%d-%b-%Y %T'),  STR_TO_DATE('15-Jun-2016 14:41:55',  '%d-%b-%Y %T'),  'Treatment Phase Cycle 1 Day 1',  'AP022828A01',  NULL,  'Whole Blood',  NULL,  'N',  NULL,  'In Inventory',  NULL,  'LCRP' ),
 ('CA018-001',  '0001',  '00002',  'Male',  STR_TO_DATE('05-Dec-1941',  '%d-%b-%Y'),  STR_TO_DATE('14-Jun-2016 09:42:00',  '%d-%b-%Y'),  STR_TO_DATE('14-Jun-2016 09:42:00',  '%d-%b-%Y %T'),  STR_TO_DATE('15-Jun-2016 14:46:33',  '%d-%b-%Y %T'),  'Track 1 Run-In Day 1',  'AP022838A01',  NULL,  'Whole Blood',  NULL,  'N',  NULL,  'In Inventory',  NULL,  'LCRP' ),
 ('CA018-001',  '0002',  '00004',  'Male',  STR_TO_DATE('18-Nov-1952',  '%d-%b-%Y'),  STR_TO_DATE('14-Jun-2016 10:00:00',  '%d-%b-%Y'),  STR_TO_DATE('14-Jun-2016 10:00:00',  '%d-%b-%Y %T'),  STR_TO_DATE('22-Jun-2016 16:01:54',  '%d-%b-%Y %T'),  'SCR Fresh to LabCorp',  'AP025741A01',  NULL,  'Tissue',  NULL,  'N',  NULL,  'In Inventory',  NULL,  'LCRP' ),
 ('CA018-001',  '0001',  '00008',  'Male',  STR_TO_DATE('09-Apr-1948',  '%d-%b-%Y'),  STR_TO_DATE('14-Jun-2016 10:00:00',  '%d-%b-%Y'),  STR_TO_DATE('14-Jun-2016 10:00:00',  '%d-%b-%Y %T'),  STR_TO_DATE('21-Jun-2016 19:16:19',  '%d-%b-%Y %T'),  'SCR Fresh to LabCorp',  'AP017033A01',  NULL,  'Tissue',  NULL,  'N',  NULL,  'In Inventory',  NULL,  'LCRP' ),
 ('CA018-001',  '0002',  '00003',  'Female',  STR_TO_DATE('26-Dec-1952',  '%d-%b-%Y'),  STR_TO_DATE('16-Jun-2016 14:35:00',  '%d-%b-%Y'),  STR_TO_DATE('16-Jun-2016 14:35:00',  '%d-%b-%Y %T'),  STR_TO_DATE('17-Jun-2016 14:23:07',  '%d-%b-%Y %T'),  'Treatment Phase Cycle 1 Day 1',  'AP025753A01',  NULL,  'Whole Blood',  NULL,  'N',  NULL,  'In Inventory',  NULL,  'LCRP' ),
 ('CA018-001',  '0002',  '00004',  'Male',  STR_TO_DATE('18-Nov-1952',  '%d-%b-%Y'),  STR_TO_DATE('22-Jun-2016 11:20:00',  '%d-%b-%Y'),  STR_TO_DATE('22-Jun-2016 11:20:00',  '%d-%b-%Y %T'),  STR_TO_DATE('23-Jun-2016 15:07:06',  '%d-%b-%Y %T'),  'Treatment Phase Cycle 1 Day 1',  'AP025752A01',  NULL,  'Whole Blood',  NULL,  'N',  NULL,  'In Inventory',  NULL,  'LCRP' ),
 ('CA018-001',  '0012',  '00009',  'Female',  STR_TO_DATE('09-Dec-1962',  '%d-%b-%Y'),  STR_TO_DATE('24-Jun-2016 10:00:00',  '%d-%b-%Y'),  STR_TO_DATE('24-Jun-2016 10:00:00',  '%d-%b-%Y %T'),  STR_TO_DATE('01-Jul-2016 14:35:36',  '%d-%b-%Y %T'),  'SCR Fresh to LabCorp',  'AP025916A01',  NULL,  'Tissue',  NULL,  'N',  NULL,  'In Inventory',  NULL,  'LCRP' ),
 ('CA018-001',  '0002',  '00006',  'Female',  STR_TO_DATE('25-Jun-1950',  '%d-%b-%Y'),  STR_TO_DATE('27-Jun-2016 10:00:00',  '%d-%b-%Y'),  STR_TO_DATE('27-Jun-2016 10:00:00',  '%d-%b-%Y %T'),  STR_TO_DATE('30-Jun-2016 15:43:24',  '%d-%b-%Y %T'),  'SCR Fresh to LabCorp',  'AP036799A01',  NULL,  'Tissue',  NULL,  'N',  NULL,  'In Inventory',  NULL,  'LCRP' ),
 ('CA018-001',  '0001',  '00002',  'Male',  STR_TO_DATE('05-Dec-1941',  '%d-%b-%Y'),  STR_TO_DATE('28-Jun-2016 08:50:00',  '%d-%b-%Y'),  STR_TO_DATE('28-Jun-2016 08:50:00',  '%d-%b-%Y %T'),  STR_TO_DATE('29-Jun-2016 12:55:33',  '%d-%b-%Y %T'),  'Track 1 Run-In Day 15',  'AP022841A01',  NULL,  'Whole Blood',  NULL,  'N',  NULL,  'In Inventory',  NULL,  'LCRP' ),
 ('CA018-001',  '0002',  '00003',  'Female',  STR_TO_DATE('26-Dec-1952',  '%d-%b-%Y'),  STR_TO_DATE('29-Jun-2016 10:00:00',  '%d-%b-%Y'),  STR_TO_DATE('29-Jun-2016 10:00:00',  '%d-%b-%Y %T'),  STR_TO_DATE('30-Jun-2016 14:36:59',  '%d-%b-%Y %T'),  'Treatment Phase Cycle 1 Day 15',  'AP039039A01',  NULL,  'Whole Blood',  NULL,  'N',  NULL,  'In Inventory',  NULL,  'LCRP' ),
 ('CA018-001',  '0002',  '00013',  'Male',  STR_TO_DATE('23-Nov-1945',  '%d-%b-%Y'),  STR_TO_DATE('05-Jul-2016 10:00:00',  '%d-%b-%Y'),  STR_TO_DATE('05-Jul-2016 10:00:00',  '%d-%b-%Y %T'),  STR_TO_DATE('13-Jul-2016 16:40:52',  '%d-%b-%Y %T'),  'SCR Fresh to LabCorp',  'AP036800A01',  NULL,  'Tissue',  NULL,  'N',  NULL,  'In Inventory',  NULL,  'LCRP' ),
 ('CA018-001',  '0002',  '00003',  'Female',  STR_TO_DATE('26-Dec-1952',  '%d-%b-%Y'),  STR_TO_DATE('06-Jul-2016 17:20:00',  '%d-%b-%Y'),  STR_TO_DATE('06-Jul-2016 17:20:00',  '%d-%b-%Y %T'),  STR_TO_DATE('08-Jul-2016 15:07:10',  '%d-%b-%Y %T'),  'Treatment Phase Cycle 1 Day 28',  'AP039028A01',  NULL,  'Whole Blood',  NULL,  'N',  NULL,  'In Inventory',  NULL,  'LCRP' ),
 ('CA018-001',  '0002',  '00004',  'Male',  STR_TO_DATE('18-Nov-1952',  '%d-%b-%Y'),  STR_TO_DATE('07-Jul-2016 11:18:00',  '%d-%b-%Y'),  STR_TO_DATE('07-Jul-2016 11:18:00',  '%d-%b-%Y %T'),  STR_TO_DATE('08-Jul-2016 15:51:17',  '%d-%b-%Y %T'),  'Treatment Phase Cycle 1 Day 15',  'AP060337A01',  NULL,  'Whole Blood',  NULL,  'N',  NULL,  'In Inventory',  NULL,  'LCRP' ),
 ('CA018-001',  '0001',  '00012',  'Female',  STR_TO_DATE('01-Feb-1942',  '%d-%b-%Y'),  STR_TO_DATE('07-Jul-2016 16:55:00',  '%d-%b-%Y'),  STR_TO_DATE('07-Jul-2016 16:55:00',  '%d-%b-%Y %T'),  STR_TO_DATE('08-Jul-2016 15:09:18',  '%d-%b-%Y %T'),  'Treatment Phase Cycle 1 Day 1',  'AP017657A01',  NULL,  'Whole Blood',  NULL,  'N',  NULL,  'In Inventory',  NULL,  'LCRP' ),
 ('CA018-001',  '0001',  '00011',  'Male',  STR_TO_DATE('13-Jan-1945',  '%d-%b-%Y'),  STR_TO_DATE('07-Jul-2016 17:10:00',  '%d-%b-%Y'),  STR_TO_DATE('07-Jul-2016 17:10:00',  '%d-%b-%Y %T'),  STR_TO_DATE('08-Jul-2016 15:08:49',  '%d-%b-%Y %T'),  'Track 1 Run-In Day 1',  'AP022827A01',  NULL,  'Whole Blood',  NULL,  'N',  NULL,  'In Inventory',  NULL,  'LCRP' ),
 ('CA018-001',  '0002',  '00007',  'Male',  STR_TO_DATE('06-Oct-1941',  '%d-%b-%Y'),  STR_TO_DATE('08-Jul-2016 10:00:00',  '%d-%b-%Y'),  STR_TO_DATE('08-Jul-2016 10:00:00',  '%d-%b-%Y %T'),  STR_TO_DATE('13-Jul-2016 16:49:55',  '%d-%b-%Y %T'),  'SCR Fresh to LabCorp',  'AP036798A01',  NULL,  'Tissue',  NULL,  'N',  NULL,  'In Inventory',  NULL,  'LCRP' ),
 ('CA018-001',  '0002',  '00007',  'Male',  STR_TO_DATE('06-Oct-1941',  '%d-%b-%Y'),  STR_TO_DATE('14-Jul-2016 11:35:00',  '%d-%b-%Y'),  STR_TO_DATE('14-Jul-2016 11:35:00',  '%d-%b-%Y %T'),  STR_TO_DATE('15-Jul-2016 15:32:54',  '%d-%b-%Y %T'),  'Treatment Phase Cycle 1 Day 1',  'AP057809A01',  NULL,  'Whole Blood',  NULL,  'N',  NULL,  'In Inventory',  NULL,  'LCRP' ),
 ('CA018-001',  '0012',  '00009',  'Female',  STR_TO_DATE('09-Dec-1962',  '%d-%b-%Y'),  STR_TO_DATE('15-Jul-2016 12:45:00',  '%d-%b-%Y'),  STR_TO_DATE('15-Jul-2016 12:45:00',  '%d-%b-%Y %T'),  STR_TO_DATE('16-Jul-2016 15:03:27',  '%d-%b-%Y %T'),  'Treatment Phase Cycle 1 Day 1',  'AP025929A01',  NULL,  'Whole Blood',  NULL,  'N',  NULL,  'In Inventory',  NULL,  'LCRP' ),
 ('CA018-001',  '0004',  '00004',  'Male',  STR_TO_DATE('18-Nov-1952',  '%d-%b-%Y'),  STR_TO_DATE('18-Jul-2016 13:55:00',  '%d-%b-%Y'),  STR_TO_DATE('18-Jul-2016 13:55:00',  '%d-%b-%Y %T'),  STR_TO_DATE('19-Jul-2016 14:15:09',  '%d-%b-%Y %T'),  'Treatment Phase Cycle 1 Day 28',  'AP057882A01',  NULL,  'Whole Blood',  NULL,  'N',  NULL,  'In Inventory',  NULL,  'LCRP' ),
 ('CA018-001',  '0002',  '00006',  'Female',  STR_TO_DATE('25-Jun-1950',  '%d-%b-%Y'),  STR_TO_DATE('19-Jul-2016 15:35:00',  '%d-%b-%Y'),  STR_TO_DATE('19-Jul-2016 15:35:00',  '%d-%b-%Y %T'),  STR_TO_DATE('21-Jul-2016 14:58:03',  '%d-%b-%Y %T'),  'Treatment Phase Cycle 1 Day 1',  'AP057808A01',  NULL,  'Whole Blood',  NULL,  'N',  NULL,  'In Inventory',  NULL,  'LCRP' ),
 ('CA018-001',  '0001',  '00011',  'Male',  STR_TO_DATE('13-Jan-1945',  '%d-%b-%Y'),  STR_TO_DATE('21-Jul-2016 08:50:00',  '%d-%b-%Y'),  STR_TO_DATE('21-Jul-2016 08:50:00',  '%d-%b-%Y %T'),  STR_TO_DATE('22-Jul-2016 13:56:52',  '%d-%b-%Y %T'),  'Track 1 Run-In Day 15',  'AP022825A01',  NULL,  'Whole Blood',  NULL,  'N',  NULL,  'In Inventory',  NULL,  'LCRP' ),
 ('CA018-001',  '0001',  '00012',  'Female',  STR_TO_DATE('01-Feb-1942',  '%d-%b-%Y'),  STR_TO_DATE('21-Jul-2016 08:58:00',  '%d-%b-%Y'),  STR_TO_DATE('21-Jul-2016 08:58:00',  '%d-%b-%Y %T'),  STR_TO_DATE('22-Jul-2016 14:15:46',  '%d-%b-%Y %T'),  'Track 1 Run-In Day 15',  'AP063776A01',  NULL,  'Whole Blood',  NULL,  'N',  NULL,  'In Inventory',  NULL,  'LCRP' ),
 ('CA018-001',  '0002',  '00013',  'Male',  STR_TO_DATE('23-Nov-1945',  '%d-%b-%Y'),  STR_TO_DATE('21-Jul-2016 13:54:00',  '%d-%b-%Y'),  STR_TO_DATE('21-Jul-2016 13:54:00',  '%d-%b-%Y %T'),  STR_TO_DATE('22-Jul-2016 14:14:35',  '%d-%b-%Y %T'),  'Treatment Phase Cycle 1 Day 1',  'AP057811A01',  NULL,  'Whole Blood',  NULL,  'N',  NULL,  'In Inventory',  NULL,  'LCRP' ),
 ('CA018-001',  '0002',  '00007',  'Male',  STR_TO_DATE('06-Oct-1941',  '%d-%b-%Y'),  STR_TO_DATE('29-Jul-2016 14:37:00',  '%d-%b-%Y'),  STR_TO_DATE('29-Jul-2016 14:37:00',  '%d-%b-%Y %T'),  STR_TO_DATE('30-Jul-2016 15:17:41',  '%d-%b-%Y %T'),  'Treatment Phase Cycle 1 Day 15',  'AP057802A01',  NULL,  'Whole Blood',  NULL,  'N',  NULL,  'In Inventory',  NULL,  'LCRP' )
I, [2016-08-01T13:37:03.406457 #15180]  INFO -- dt_file_processor: Looking for BMS and PROD
I, [2016-08-01T13:37:04.144986 #15180]  INFO -- dt_file_processor: File processing end
I, [2016-08-01T13:37:04.144986 #15180]  INFO -- dt_file_processor: GOOD END
